C:\Users\Drew Pennetti\documents\visual studio 2015\Projects\mvcAng2try3\mvcAng2try3\app\app.component.js
C:\Users\Drew Pennetti\documents\visual studio 2015\Projects\mvcAng2try3\mvcAng2try3\app\app.component.js.map
C:\Users\Drew Pennetti\documents\visual studio 2015\Projects\mvcAng2try3\mvcAng2try3\app\app.module.js
C:\Users\Drew Pennetti\documents\visual studio 2015\Projects\mvcAng2try3\mvcAng2try3\app\app.module.js.map
C:\Users\Drew Pennetti\documents\visual studio 2015\Projects\mvcAng2try3\mvcAng2try3\app\main.js
C:\Users\Drew Pennetti\documents\visual studio 2015\Projects\mvcAng2try3\mvcAng2try3\app\main.js.map
C:\Users\Drew Pennetti\documents\visual studio 2015\Projects\mvcAng2try3\mvcAng2try3\app\app.component.js
C:\Users\Drew Pennetti\documents\visual studio 2015\Projects\mvcAng2try3\mvcAng2try3\app\app.component.js.map
C:\Users\Drew Pennetti\documents\visual studio 2015\Projects\mvcAng2try3\mvcAng2try3\app\app.module.js
C:\Users\Drew Pennetti\documents\visual studio 2015\Projects\mvcAng2try3\mvcAng2try3\app\app.module.js.map
C:\Users\Drew Pennetti\documents\visual studio 2015\Projects\mvcAng2try3\mvcAng2try3\app\main.js
C:\Users\Drew Pennetti\documents\visual studio 2015\Projects\mvcAng2try3\mvcAng2try3\app\main.js.map
C:\Users\Drew Pennetti\documents\visual studio 2015\Projects\mvcAng2try3\mvcAng2try3\app\app.component.js
C:\Users\Drew Pennetti\documents\visual studio 2015\Projects\mvcAng2try3\mvcAng2try3\app\app.component.js.map
C:\Users\Drew Pennetti\documents\visual studio 2015\Projects\mvcAng2try3\mvcAng2try3\app\app.module.js
C:\Users\Drew Pennetti\documents\visual studio 2015\Projects\mvcAng2try3\mvcAng2try3\app\app.module.js.map
C:\Users\Drew Pennetti\documents\visual studio 2015\Projects\mvcAng2try3\mvcAng2try3\app\main.js
C:\Users\Drew Pennetti\documents\visual studio 2015\Projects\mvcAng2try3\mvcAng2try3\app\main.js.map
C:\Users\Drew Pennetti\documents\visual studio 2015\Projects\mvcAng2try3\mvcAng2try3\app\app.component.js
C:\Users\Drew Pennetti\documents\visual studio 2015\Projects\mvcAng2try3\mvcAng2try3\app\app.component.js.map
C:\Users\Drew Pennetti\documents\visual studio 2015\Projects\mvcAng2try3\mvcAng2try3\app\app.module.js
C:\Users\Drew Pennetti\documents\visual studio 2015\Projects\mvcAng2try3\mvcAng2try3\app\app.module.js.map
C:\Users\Drew Pennetti\documents\visual studio 2015\Projects\mvcAng2try3\mvcAng2try3\app\main.js
C:\Users\Drew Pennetti\documents\visual studio 2015\Projects\mvcAng2try3\mvcAng2try3\app\main.js.map
C:\Users\Drew Pennetti\documents\visual studio 2015\Projects\mvcAng2try3\mvcAng2try3\app\app.component.js
C:\Users\Drew Pennetti\documents\visual studio 2015\Projects\mvcAng2try3\mvcAng2try3\app\app.component.js.map
C:\Users\Drew Pennetti\documents\visual studio 2015\Projects\mvcAng2try3\mvcAng2try3\app\app.module.js
C:\Users\Drew Pennetti\documents\visual studio 2015\Projects\mvcAng2try3\mvcAng2try3\app\app.module.js.map
C:\Users\Drew Pennetti\documents\visual studio 2015\Projects\mvcAng2try3\mvcAng2try3\app\main.js
C:\Users\Drew Pennetti\documents\visual studio 2015\Projects\mvcAng2try3\mvcAng2try3\app\main.js.map
C:\Users\Drew Pennetti\documents\visual studio 2015\Projects\mvcAng2try3\mvcAng2try3\app\app.component.js
C:\Users\Drew Pennetti\documents\visual studio 2015\Projects\mvcAng2try3\mvcAng2try3\app\app.component.js.map
C:\Users\Drew Pennetti\documents\visual studio 2015\Projects\mvcAng2try3\mvcAng2try3\app\app.module.js
C:\Users\Drew Pennetti\documents\visual studio 2015\Projects\mvcAng2try3\mvcAng2try3\app\app.module.js.map
C:\Users\Drew Pennetti\documents\visual studio 2015\Projects\mvcAng2try3\mvcAng2try3\app\main.js
C:\Users\Drew Pennetti\documents\visual studio 2015\Projects\mvcAng2try3\mvcAng2try3\app\main.js.map
